RUN	mock.CatsKarateSimulation	catskaratesimulation	1750167925272	 	3.9.5
USER	create	START	1750167925308
USER	custom	START	1750167925319
USER	custom	END	1750167925322
USER	delete	START	1750167925353
REQUEST	delete cats	GET /cats	1750167925448	1750167925567	OK	 
GROUP	delete cats	1750167925308	1750167925574	0	OK
USER	delete	END	1750167925574
REQUEST		POST /cats	1750167925448	1750167925594	OK	 
REQUEST		GET /cats/{id}	1750167925606	1750167925634	KO	mock/cats-create.feature:21 match response == { id: '#(id)', name: 'Billi' }
USER	create	END	1750167925642
USER	custom	START	1750167925801
USER	custom	END	1750167925801
USER	create	START	1750167925801
REQUEST		POST /cats	1750167925834	1750167925855	OK	 
REQUEST		GET /cats/{id}	1750167925859	1750167925878	KO	mock/cats-create.feature:21 match response == { id: '#(id)', name: 'Billi' }
USER	create	END	1750167925880
USER	delete	START	1750167926302
USER	custom	START	1750167926302
USER	custom	END	1750167926302
USER	create	START	1750167926303
REQUEST		POST /cats	1750167926340	1750167926359	OK	 
REQUEST		GET /cats/{id}	1750167926362	1750167926385	KO	mock/cats-create.feature:21 match response == { id: '#(id)', name: 'Billi' }
USER	create	END	1750167926386
USER	create	START	1750167926801
USER	custom	START	1750167926803
USER	custom	END	1750167926803
REQUEST		POST /cats	1750167926838	1750167926852	OK	 
REQUEST		GET /cats/{id}	1750167926855	1750167926868	KO	mock/cats-create.feature:21 match response == { id: '#(id)', name: 'Billi' }
USER	create	END	1750167926869
REQUEST	delete cats	DELETE /cats/{id}	1750167926345	1750167927226	OK	 
REQUEST	delete cats	cats-get-404	1750167927228	1750167927240	OK	 
USER	delete	START	1750167927301
USER	custom	START	1750167927302
USER	custom	END	1750167927303
USER	create	START	1750167927305
REQUEST		POST /cats	1750167927335	1750167927355	OK	 
REQUEST		GET /cats/{id}	1750167927357	1750167927371	KO	mock/cats-create.feature:21 match response == { id: '#(id)', name: 'Billi' }
USER	create	END	1750167927372
USER	create	START	1750167927799
USER	custom	START	1750167927799
USER	custom	END	1750167927800
REQUEST		POST /cats	1750167927835	1750167927845	OK	 
REQUEST		GET /cats/{id}	1750167927848	1750167927858	KO	mock/cats-create.feature:21 match response == { id: '#(id)', name: 'Billi' }
USER	create	END	1750167927859
REQUEST	delete cats	DELETE /cats/{id}	1750167927242	1750167928106	OK	 
REQUEST	delete cats	cats-get-404	1750167928108	1750167928119	OK	 
REQUEST	delete cats	GET /cats	1750167926323	1750167926338	OK	 
GROUP	delete cats	1750167926300	1750167928120	0	OK
USER	delete	END	1750167928120
REQUEST	delete cats	DELETE /cats/{id}	1750167927335	1750167928199	OK	 
REQUEST	delete cats	cats-get-404	1750167928202	1750167928213	OK	 
USER	create	START	1750167928299
USER	delete	START	1750167928299
USER	custom	START	1750167928300
USER	custom	END	1750167928300
REQUEST		POST /cats	1750167928330	1750167928362	OK	 
REQUEST		GET /cats/{id}	1750167928365	1750167928389	KO	mock/cats-create.feature:21 match response == { id: '#(id)', name: 'Billi' }
USER	create	END	1750167928391
USER	create	START	1750167928799
USER	custom	START	1750167928800
USER	custom	END	1750167928801
REQUEST		POST /cats	1750167928831	1750167928842	OK	 
REQUEST		GET /cats/{id}	1750167928844	1750167928857	KO	mock/cats-create.feature:21 match response == { id: '#(id)', name: 'Billi' }
USER	create	END	1750167928858
REQUEST	delete cats	DELETE /cats/{id}	1750167928217	1750167929083	OK	 
REQUEST	delete cats	cats-get-404	1750167929085	1750167929096	OK	 
REQUEST	delete cats	GET /cats	1750167927321	1750167927330	OK	 
GROUP	delete cats	1750167927299	1750167929097	0	OK
USER	delete	END	1750167929097
REQUEST	delete cats	DELETE /cats/{id}	1750167928333	1750167929227	OK	 
REQUEST	delete cats	cats-get-404	1750167929232	1750167929242	OK	 
USER	delete	START	1750167929299
USER	custom	START	1750167929300
USER	create	START	1750167929300
USER	custom	END	1750167929300
REQUEST		POST /cats	1750167929329	1750167929341	OK	 
REQUEST		GET /cats/{id}	1750167929342	1750167929353	KO	mock/cats-create.feature:21 match response == { id: '#(id)', name: 'Billi' }
USER	create	END	1750167929354
USER	create	START	1750167929798
USER	custom	START	1750167929804
USER	custom	END	1750167929804
REQUEST		POST /cats	1750167929830	1750167929841	OK	 
REQUEST		GET /cats/{id}	1750167929843	1750167929858	KO	mock/cats-create.feature:21 match response == { id: '#(id)', name: 'Billi' }
USER	create	END	1750167929859
REQUEST	delete cats	DELETE /cats/{id}	1750167929245	1750167930107	OK	 
REQUEST	delete cats	cats-get-404	1750167930108	1750167930119	OK	 
REQUEST	delete cats	GET /cats	1750167928319	1750167928329	OK	 
GROUP	delete cats	1750167928298	1750167930119	0	OK
USER	delete	END	1750167930119
REQUEST	delete cats	DELETE /cats/{id}	1750167929333	1750167930199	OK	 
REQUEST	delete cats	cats-get-404	1750167930201	1750167930213	OK	 
REQUEST	delete cats	DELETE /cats/{id}	1750167930216	1750167931077	OK	 
REQUEST	delete cats	cats-get-404	1750167931079	1750167931087	OK	 
REQUEST	delete cats	GET /cats	1750167929319	1750167929329	OK	 
GROUP	delete cats	1750167929298	1750167931087	0	OK
USER	delete	END	1750167931087
